2022-11-30 18:30:30 info: tempDirectory:c:\Users\Yash\.vscode\extensions\embold-vscode.embold-0.1.4\temp
2022-11-30 18:30:30 info: Extraction complete for source: c:\Users\Yash\.vscode\extensions\embold-vscode.embold-0.1.4\resources\embold-scanner-archive.zip, destination: c:\Users\Yash\.vscode\extensions\embold-vscode.embold-0.1.4\temp
2022-11-30 18:30:30 info: Congratulations, your extension "Embold" is now active!
2022-11-30 18:45:38 info: file:///d%3A/Web%20Development/react/assignment/homepage/src/style.css
2022-11-30 18:45:38 error: SQLITE_ERROR: no such table: issues
2022-11-30 19:43:51 info: tempDirectory:c:\Users\Yash\.vscode\extensions\embold-vscode.embold-0.1.4\temp
2022-11-30 19:43:51 info: Extraction complete for source: c:\Users\Yash\.vscode\extensions\embold-vscode.embold-0.1.4\resources\embold-scanner-archive.zip, destination: c:\Users\Yash\.vscode\extensions\embold-vscode.embold-0.1.4\temp
2022-11-30 19:43:51 info: Congratulations, your extension "Embold" is now active!
2022-11-30 19:50:38 info: file:///d%3A/Web%20Development/react/assignment/weather-app-project-YashPalekar/.git/index.lock
2022-11-30 19:50:38 error: SQLITE_ERROR: no such table: issues
2022-11-30 19:50:57 info: file:///d%3A/Web%20Development/react/assignment/weather-app-project-YashPalekar/package-lock.json
2022-11-30 19:50:57 error: SQLITE_ERROR: no such table: issues
2022-11-30 19:56:37 info: tempDirectory:c:\Users\Yash\.vscode\extensions\embold-vscode.embold-0.1.4\temp
2022-11-30 19:56:37 info: Extraction complete for source: c:\Users\Yash\.vscode\extensions\embold-vscode.embold-0.1.4\resources\embold-scanner-archive.zip, destination: c:\Users\Yash\.vscode\extensions\embold-vscode.embold-0.1.4\temp
2022-11-30 19:56:37 info: Congratulations, your extension "Embold" is now active!
2022-12-01 11:43:33 info: tempDirectory:c:\Users\Yash\.vscode\extensions\embold-vscode.embold-0.1.4\temp
2022-12-01 11:43:33 info: Extraction complete for source: c:\Users\Yash\.vscode\extensions\embold-vscode.embold-0.1.4\resources\embold-scanner-archive.zip, destination: c:\Users\Yash\.vscode\extensions\embold-vscode.embold-0.1.4\temp
2022-12-01 11:43:33 info: Congratulations, your extension "Embold" is now active!
2022-12-01 18:07:17 info: tempDirectory:c:\Users\Yash\.vscode\extensions\embold-vscode.embold-0.1.4\temp
2022-12-01 18:07:17 info: Extraction complete for source: c:\Users\Yash\.vscode\extensions\embold-vscode.embold-0.1.4\resources\embold-scanner-archive.zip, destination: c:\Users\Yash\.vscode\extensions\embold-vscode.embold-0.1.4\temp
2022-12-01 18:07:17 info: Congratulations, your extension "Embold" is now active!
2022-12-01 18:07:31 info: tempDirectory:c:\Users\Yash\.vscode\extensions\embold-vscode.embold-0.1.4\temp
2022-12-01 18:07:31 info: Extraction complete for source: c:\Users\Yash\.vscode\extensions\embold-vscode.embold-0.1.4\resources\embold-scanner-archive.zip, destination: c:\Users\Yash\.vscode\extensions\embold-vscode.embold-0.1.4\temp
2022-12-01 18:07:31 info: Congratulations, your extension "Embold" is now active!
2022-12-02 11:25:59 info: tempDirectory:c:\Users\Yash\.vscode\extensions\embold-vscode.embold-0.1.4\temp
2022-12-02 11:25:59 info: Extraction complete for source: c:\Users\Yash\.vscode\extensions\embold-vscode.embold-0.1.4\resources\embold-scanner-archive.zip, destination: c:\Users\Yash\.vscode\extensions\embold-vscode.embold-0.1.4\temp
2022-12-02 11:25:59 info: Congratulations, your extension "Embold" is now active!
2022-12-04 13:55:47 info: tempDirectory:c:\Users\Yash\.vscode\extensions\embold-vscode.embold-0.1.4\temp
2022-12-04 13:55:47 info: Extraction complete for source: c:\Users\Yash\.vscode\extensions\embold-vscode.embold-0.1.4\resources\embold-scanner-archive.zip, destination: c:\Users\Yash\.vscode\extensions\embold-vscode.embold-0.1.4\temp
2022-12-04 13:55:47 info: Congratulations, your extension "Embold" is now active!
2022-12-05 11:25:13 info: tempDirectory:c:\Users\Yash\.vscode\extensions\embold-vscode.embold-0.1.4\temp
2022-12-05 11:25:13 info: Extraction complete for source: c:\Users\Yash\.vscode\extensions\embold-vscode.embold-0.1.4\resources\embold-scanner-archive.zip, destination: c:\Users\Yash\.vscode\extensions\embold-vscode.embold-0.1.4\temp
2022-12-05 11:25:13 info: Congratulations, your extension "Embold" is now active!
